<?xml version="1.0" encoding="UTF-8"?>
<testng-results ignored="0" total="1" passed="1" failed="0" skipped="0">
  <reporter-output>
  </reporter-output>
  <suite started-at="2023-07-18T09:53:27 IST" name="Default suite" finished-at="2023-07-18T09:53:27 IST" duration-ms="35">
    <groups>
    </groups>
    <test started-at="2023-07-18T09:53:27 IST" name="Default test" finished-at="2023-07-18T09:53:27 IST" duration-ms="35">
      <class name="practiceJenkins.SmokeTestCase2">
        <test-method signature="demo()[pri:0, instance:practiceJenkins.SmokeTestCase2@49ec71f8]" started-at="2023-07-18T09:53:27 IST" name="demo" finished-at="2023-07-18T09:53:27 IST" duration-ms="8" status="PASS">
          <reporter-output>
          </reporter-output>
        </test-method> <!-- demo -->
      </class> <!-- practiceJenkins.SmokeTestCase2 -->
    </test> <!-- Default test -->
  </suite> <!-- Default suite -->
</testng-results>
